<?xml version="1.0" encoding="UTF-8"?>
<!-- Generated by org.testng.reporters.JUnitReportReporter -->
<testsuite hostname="AWESOME" failures="0" tests="1" name="TestNGPKG.TestngParameter" time="21.261" errors="0" timestamp="2022-08-02T07:42:01 IST" skipped="0">
  <testcase classname="TestNGPKG.TestngParameter" name="yahoologin" time="21.261"/>
  <system-out/>
</testsuite> <!-- TestNGPKG.TestngParameter -->
